c:\users\polar\appdata\local\temp\
Error in line 2: Unrecognized command verb.
.\
Error in line 6: Syntax error.
imagini\exit.prg
Error in line 13: Unrecognized command verb.
imagini\
Error in line 15: Unrecognized command verb.
imagini\
Error in line 17: Unrecognized command verb.
home-server-icon.bmp
Error in line 18: Unrecognized command verb.
imagini\
Error in line 19: Unrecognized command verb.
imagini\
Error in line 21: Unrecognized command verb.
imagini\
Error in line 23: Unrecognized command verb.
imagini\
Error in line 25: Unrecognized command verb.
imagini\
Error in line 27: Unrecognized command verb.
imagini\
Error in line 29: Unrecognized command verb.
imagini\
Error in line 31: Unrecognized command verb.
imagini\
Error in line 33: Unrecognized command verb.
imagini\
Error in line 35: Unrecognized command verb.
2shell.ico
Error in line 36: Syntax error.
imagini\
Error in line 39: Unrecognized command verb.
imagini\
Error in line 41: Unrecognized command verb.
imagini\
Error in line 43: Unrecognized command verb.
imagini\
Error in line 45: Unrecognized command verb.
imagini\
Error in line 47: Unrecognized command verb.
imagini\
Error in line 49: Unrecognized command verb.
control access 4.bmp
Error in line 50: Unrecognized command verb.
imagini\
Error in line 63: Unrecognized command verb.
imagini\
Error in line 81: Unrecognized command verb.
seo-icon.bmp
Error in line 82: Unrecognized command verb.
imagini\
Error in line 108: Unrecognized command verb.
